c:\projects\design_pattern\builderproj\debug\builderproj.pch
c:\projects\design_pattern\builderproj\debug\vc140.pdb
c:\projects\design_pattern\builderproj\debug\vc140.idb
c:\projects\design_pattern\builderproj\debug\stdafx.obj
c:\projects\design_pattern\builderproj\debug\builder1.obj
c:\projects\design_pattern\builderproj\debug\builder2.obj
c:\projects\design_pattern\builderproj\debug\builderproduct1.obj
c:\projects\design_pattern\builderproj\debug\builderproj.obj
c:\projects\design_pattern\builderproj\debug\director.obj
c:\projects\design_pattern\builderproj\debug\ibuilder.obj
c:\projects\design_pattern\builderproj\debug\ibuilderproduct.obj
c:\projects\design_pattern\builderproj\debug\builderproduct2.obj
c:\projects\design_pattern\debug\builderproj.ilk
c:\projects\design_pattern\debug\builderproj.exe
c:\projects\design_pattern\debug\builderproj.pdb
c:\projects\design_pattern\builderproj\debug\builderproj.tlog\cl.command.1.tlog
c:\projects\design_pattern\builderproj\debug\builderproj.tlog\cl.read.1.tlog
c:\projects\design_pattern\builderproj\debug\builderproj.tlog\cl.write.1.tlog
c:\projects\design_pattern\builderproj\debug\builderproj.tlog\link.command.1.tlog
c:\projects\design_pattern\builderproj\debug\builderproj.tlog\link.read.1.tlog
c:\projects\design_pattern\builderproj\debug\builderproj.tlog\link.write.1.tlog
