c:\projects\design_pattern\factory\debug\factory.pch
c:\projects\design_pattern\factory\debug\vc140.pdb
c:\projects\design_pattern\factory\debug\vc140.idb
c:\projects\design_pattern\factory\debug\stdafx.obj
c:\projects\design_pattern\factory\debug\iproduct.obj
c:\projects\design_pattern\factory\debug\product1.obj
c:\projects\design_pattern\factory\debug\product2.obj
c:\projects\design_pattern\factory\debug\creator1.obj
c:\projects\design_pattern\factory\debug\creator2.obj
c:\projects\design_pattern\factory\debug\icreator.obj
c:\projects\design_pattern\factory\debug\factory.obj
c:\projects\design_pattern\debug\factory.ilk
c:\projects\design_pattern\debug\factory.exe
c:\projects\design_pattern\debug\factory.pdb
c:\projects\design_pattern\factory\debug\factory.tlog\cl.command.1.tlog
c:\projects\design_pattern\factory\debug\factory.tlog\cl.read.1.tlog
c:\projects\design_pattern\factory\debug\factory.tlog\cl.write.1.tlog
c:\projects\design_pattern\factory\debug\factory.tlog\link.command.1.tlog
c:\projects\design_pattern\factory\debug\factory.tlog\link.read.1.tlog
c:\projects\design_pattern\factory\debug\factory.tlog\link.write.1.tlog
