c:\projects\design_pattern\abstract_factory\debug\abstract_factory.pch
c:\projects\design_pattern\abstract_factory\debug\vc140.pdb
c:\projects\design_pattern\abstract_factory\debug\vc140.idb
c:\projects\design_pattern\abstract_factory\debug\stdafx.obj
c:\projects\design_pattern\abstract_factory\debug\abstract_factory.obj
c:\projects\design_pattern\abstract_factory\debug\icomputerproducer.obj
c:\projects\design_pattern\abstract_factory\debug\icpu.obj
c:\projects\design_pattern\abstract_factory\debug\iram.obj
c:\projects\design_pattern\abstract_factory\debug\maccpu.obj
c:\projects\design_pattern\abstract_factory\debug\macproducer.obj
c:\projects\design_pattern\abstract_factory\debug\macram.obj
c:\projects\design_pattern\abstract_factory\debug\pccpu.obj
c:\projects\design_pattern\abstract_factory\debug\pcproducer.obj
c:\projects\design_pattern\abstract_factory\debug\pcram.obj
c:\projects\design_pattern\debug\abstract_factory.ilk
c:\projects\design_pattern\debug\abstract_factory.exe
c:\projects\design_pattern\debug\abstract_factory.pdb
c:\projects\design_pattern\abstract_factory\debug\abstract_factory.tlog\cl.command.1.tlog
c:\projects\design_pattern\abstract_factory\debug\abstract_factory.tlog\cl.read.1.tlog
c:\projects\design_pattern\abstract_factory\debug\abstract_factory.tlog\cl.write.1.tlog
c:\projects\design_pattern\abstract_factory\debug\abstract_factory.tlog\link.command.1.tlog
c:\projects\design_pattern\abstract_factory\debug\abstract_factory.tlog\link.read.1.tlog
c:\projects\design_pattern\abstract_factory\debug\abstract_factory.tlog\link.write.1.tlog
