c:\projects\design_pattern\observerproj\debug\observerproj.pch
c:\projects\design_pattern\observerproj\debug\vc140.pdb
c:\projects\design_pattern\observerproj\debug\vc140.idb
c:\projects\design_pattern\observerproj\debug\stdafx.obj
c:\projects\design_pattern\observerproj\debug\concreteobserver1.obj
c:\projects\design_pattern\observerproj\debug\concreteobserver2.obj
c:\projects\design_pattern\observerproj\debug\observer.obj
c:\projects\design_pattern\observerproj\debug\observerproj.obj
c:\projects\design_pattern\observerproj\debug\obsubject.obj
c:\projects\design_pattern\observerproj\debug\concretesubject.obj
c:\projects\design_pattern\observerproj\debug\cocretesubjectnew.obj
c:\projects\design_pattern\observerproj\debug\subjectnew.obj
c:\projects\design_pattern\debug\observerproj.ilk
c:\projects\design_pattern\debug\observerproj.exe
c:\projects\design_pattern\debug\observerproj.pdb
c:\projects\design_pattern\observerproj\debug\observerproj.tlog\cl.command.1.tlog
c:\projects\design_pattern\observerproj\debug\observerproj.tlog\cl.read.1.tlog
c:\projects\design_pattern\observerproj\debug\observerproj.tlog\cl.write.1.tlog
c:\projects\design_pattern\observerproj\debug\observerproj.tlog\link.command.1.tlog
c:\projects\design_pattern\observerproj\debug\observerproj.tlog\link.read.1.tlog
c:\projects\design_pattern\observerproj\debug\observerproj.tlog\link.write.1.tlog
