c:\projects\design_pattern\composite_pattern\debug\composite_pattern.pch
c:\projects\design_pattern\composite_pattern\debug\vc140.pdb
c:\projects\design_pattern\composite_pattern\debug\vc140.idb
c:\projects\design_pattern\composite_pattern\debug\stdafx.obj
c:\projects\design_pattern\composite_pattern\debug\composite_pattern.obj
c:\projects\design_pattern\composite_pattern\debug\leafcomponent_trans.obj
c:\projects\design_pattern\composite_pattern\debug\composite_trans.obj
c:\projects\design_pattern\composite_pattern\debug\icomponent_trans.obj
c:\projects\design_pattern\composite_pattern\debug\icomponent_safety.obj
c:\projects\design_pattern\composite_pattern\debug\leafcomponent_safety.obj
c:\projects\design_pattern\composite_pattern\debug\composite_safty.obj
c:\projects\design_pattern\debug\composite_pattern.ilk
c:\projects\design_pattern\debug\composite_pattern.exe
c:\projects\design_pattern\debug\composite_pattern.pdb
c:\projects\design_pattern\composite_pattern\debug\composit.4c4af735.tlog\cl.command.1.tlog
c:\projects\design_pattern\composite_pattern\debug\composit.4c4af735.tlog\cl.read.1.tlog
c:\projects\design_pattern\composite_pattern\debug\composit.4c4af735.tlog\cl.write.1.tlog
c:\projects\design_pattern\composite_pattern\debug\composit.4c4af735.tlog\link.command.1.tlog
c:\projects\design_pattern\composite_pattern\debug\composit.4c4af735.tlog\link.read.1.tlog
c:\projects\design_pattern\composite_pattern\debug\composit.4c4af735.tlog\link.write.1.tlog
