c:\projects\design_pattern\visitorproj\debug\visitorproj.pch
c:\projects\design_pattern\visitorproj\debug\vc140.pdb
c:\projects\design_pattern\visitorproj\debug\vc140.idb
c:\projects\design_pattern\visitorproj\debug\stdafx.obj
c:\projects\design_pattern\visitorproj\debug\visitorproj.obj
c:\projects\design_pattern\visitorproj\debug\concretenode1.obj
c:\projects\design_pattern\visitorproj\debug\concretevisitor.obj
c:\projects\design_pattern\visitorproj\debug\node.obj
c:\projects\design_pattern\visitorproj\debug\visitor.obj
c:\projects\design_pattern\visitorproj\debug\objectstructure.obj
c:\projects\design_pattern\visitorproj\debug\concretenode2.obj
c:\projects\design_pattern\debug\visitorproj.ilk
c:\projects\design_pattern\debug\visitorproj.exe
c:\projects\design_pattern\debug\visitorproj.pdb
c:\projects\design_pattern\visitorproj\debug\visitorproj.tlog\cl.command.1.tlog
c:\projects\design_pattern\visitorproj\debug\visitorproj.tlog\cl.read.1.tlog
c:\projects\design_pattern\visitorproj\debug\visitorproj.tlog\cl.write.1.tlog
c:\projects\design_pattern\visitorproj\debug\visitorproj.tlog\link.command.1.tlog
c:\projects\design_pattern\visitorproj\debug\visitorproj.tlog\link.read.1.tlog
c:\projects\design_pattern\visitorproj\debug\visitorproj.tlog\link.write.1.tlog
